org.rhq.enterprise.server.sync.SynchronizationManagerRemote
org.rhq.enterprise.server.content.RepoManagerRemote
org.rhq.enterprise.server.content.ContentManagerRemote
org.rhq.enterprise.server.webservices.WebservicesRemote
org.rhq.enterprise.server.bundle.BundleManagerRemote
org.rhq.enterprise.server.dashboard.DashboardManagerRemote
org.rhq.enterprise.server.operation.OperationManagerRemote
org.rhq.enterprise.server.support.SupportManagerRemote
org.rhq.enterprise.server.event.EventManagerRemote
org.rhq.enterprise.server.measurement.MeasurementDefinitionManagerRemote
org.rhq.enterprise.server.measurement.CallTimeDataManagerRemote
org.rhq.enterprise.server.measurement.MeasurementDataManagerRemote
org.rhq.enterprise.server.measurement.MeasurementScheduleManagerRemote
org.rhq.enterprise.server.measurement.MeasurementProblemManagerRemote
org.rhq.enterprise.server.measurement.AvailabilityManagerRemote
org.rhq.enterprise.server.measurement.MeasurementBaselineManagerRemote
org.rhq.enterprise.server.install.remote.RemoteInstallManagerRemote
org.rhq.enterprise.server.resource.ResourceManagerRemote
org.rhq.enterprise.server.resource.cluster.ClusterManagerRemote
org.rhq.enterprise.server.resource.group.ResourceGroupManagerRemote
org.rhq.enterprise.server.resource.ResourceTypeManagerRemote
org.rhq.enterprise.server.resource.ResourceFactoryManagerRemote
org.rhq.enterprise.server.authz.RoleManagerRemote
org.rhq.enterprise.server.configuration.ConfigurationManagerRemote
org.rhq.enterprise.server.drift.DriftManagerRemote
org.rhq.enterprise.server.drift.DriftTemplateManagerRemote
org.rhq.enterprise.server.auth.SubjectManagerRemote
org.rhq.enterprise.server.system.SystemManagerRemote
org.rhq.enterprise.server.tagging.TagManagerRemote
org.rhq.enterprise.server.test.WebServiceTestRemote
org.rhq.enterprise.server.alert.AlertDefinitionManagerRemote
org.rhq.enterprise.server.alert.AlertManagerRemote
org.rhq.enterprise.server.discovery.DiscoveryBossRemote
org.rhq.enterprise.server.report.DataAccessManagerRemote
org.rhq.enterprise.server.search.SavedSearchManagerRemote
org.rhq.core.domain.sync.entity.MetricTemplate
org.rhq.core.domain.sync.entity.SystemSettings
org.rhq.core.domain.sync.entity.AbstractExportedEntity
org.rhq.core.domain.sync.entity.SystemSettings$Entry
org.rhq.core.domain.sync.ImportReport
org.rhq.core.domain.sync.ExportReport
org.rhq.core.domain.sync.ImportConfiguration
org.rhq.core.domain.sync.ExportWrapper
org.rhq.core.domain.sync.ImportConfigurationDefinition
org.rhq.core.domain.sync.ExporterMessages
org.rhq.core.domain.sync.ConsistencyValidatorFailureReport
org.rhq.core.domain.content.RepoRelationship
org.rhq.core.domain.content.CVE
org.rhq.core.domain.content.PackageVersionFormatDescription
org.rhq.core.domain.content.transfer.DeployPackagesResponse
org.rhq.core.domain.content.transfer.DeployPackageStep
org.rhq.core.domain.content.transfer.ContentResponseResult
org.rhq.core.domain.content.transfer.SubscribedRepo
org.rhq.core.domain.content.transfer.ResourcePackageDetails
org.rhq.core.domain.content.transfer.RemovePackagesResponse
org.rhq.core.domain.content.transfer.DeployIndividualPackageResponse
org.rhq.core.domain.content.transfer.RemoveIndividualPackageResponse
org.rhq.core.domain.content.transfer.EntitlementCertificate
org.rhq.core.domain.content.Advisory
org.rhq.core.domain.content.AdvisoryPackage
org.rhq.core.domain.content.Repo$1
org.rhq.core.domain.content.Repo
org.rhq.core.domain.content.ContentSyncStatus
org.rhq.core.domain.content.RepoGroup
org.rhq.core.domain.content.RepoAdvisoryPK
org.rhq.core.domain.content.RepoAdvisory
org.rhq.core.domain.content.PackageVersion
org.rhq.core.domain.content.ContentSyncResults
org.rhq.core.domain.content.DistributionFile
org.rhq.core.domain.content.ContentRequestStatus
org.rhq.core.domain.content.Architecture
org.rhq.core.domain.content.RepoRepoGroup
org.rhq.core.domain.content.PackageInstallationStep
org.rhq.core.domain.content.PackageVersion$DefaultPackageVersionComparator
org.rhq.core.domain.content.AdvisoryBuglist
org.rhq.core.domain.content.PackageCategory
org.rhq.core.domain.content.PackageVersionContentSource
org.rhq.core.domain.content.ContentSource
org.rhq.core.domain.content.RepoPackageVersionPK
org.rhq.core.domain.content.InstalledPackageHistoryStatus
org.rhq.core.domain.content.RepoSyncResults
org.rhq.core.domain.content.ContentSourceSyncResults
org.rhq.core.domain.content.ContentServiceRequest
org.rhq.core.domain.content.InstalledPackage
org.rhq.core.domain.content.PackageBitsBlob
org.rhq.core.domain.content.ValidatablePackageDetailsKey
org.rhq.core.domain.content.PackageVersionContentSourcePK
org.rhq.core.domain.content.RepoContentSourcePK
org.rhq.core.domain.content.RepoContentSource
org.rhq.core.domain.content.RepoPackageVersion
org.rhq.core.domain.content.RepoDistributionPK
org.rhq.core.domain.content.Distribution
org.rhq.core.domain.content.ResourceRepoPK
org.rhq.core.domain.content.ProductVersionPackageVersionPK
org.rhq.core.domain.content.PackageDetailsKey
org.rhq.core.domain.content.RepoDistribution
org.rhq.core.domain.content.RepoRepoRelationshipPK
org.rhq.core.domain.content.AdvisoryCVE
org.rhq.core.domain.content.composite.RepoComposite
org.rhq.core.domain.content.composite.PackageTypeAndVersionFormatComposite
org.rhq.core.domain.content.composite.PackageVersionComposite
org.rhq.core.domain.content.composite.PackageAndLatestVersionComposite
org.rhq.core.domain.content.composite.PackageVersionMetadataComposite
org.rhq.core.domain.content.composite.PackageListItemComposite
org.rhq.core.domain.content.composite.PackageVersionFile
org.rhq.core.domain.content.composite.AdvisoryDetailsComposite
org.rhq.core.domain.content.composite.LoadedPackageBitsComposite
org.rhq.core.domain.content.PackageType
org.rhq.core.domain.content.ProductVersionPackageVersion
org.rhq.core.domain.content.RepoGroupType
org.rhq.core.domain.content.PackageBits
org.rhq.core.domain.content.Package
org.rhq.core.domain.content.ContentRequestType
org.rhq.core.domain.content.DownloadMode
org.rhq.core.domain.content.DistributionFilePK
org.rhq.core.domain.content.RepoRepoRelationship
org.rhq.core.domain.content.ResourceRepo
org.rhq.core.domain.content.DistributionType
org.rhq.core.domain.content.InstalledPackageHistory
org.rhq.core.domain.content.RepoRepoGroupPK
org.rhq.core.domain.content.RepoRelationshipType
org.rhq.core.domain.content.ContentSourceType
org.rhq.core.domain.content.PackageDetails
org.rhq.core.domain.bundle.BundleVersionRepoPK
org.rhq.core.domain.bundle.Bundle
org.rhq.core.domain.bundle.BundleResourceDeploymentHistory$Category
org.rhq.core.domain.bundle.BundleFile
org.rhq.core.domain.bundle.BundleDeployment
org.rhq.core.domain.bundle.BundleVersion
org.rhq.core.domain.bundle.BundleDestination
org.rhq.core.domain.bundle.BundleType
org.rhq.core.domain.bundle.ResourceTypeBundleConfiguration$BundleDestinationBaseDirectory$Context
org.rhq.core.domain.bundle.BundleVersionRepo
org.rhq.core.domain.bundle.BundleResourceDeployment
org.rhq.core.domain.bundle.composite.BundleWithLatestVersionComposite
org.rhq.core.domain.bundle.BundleResourceDeploymentHistory
org.rhq.core.domain.bundle.BundleResourceDeploymentHistory$Status
org.rhq.core.domain.bundle.BundleDeploymentStatus
org.rhq.core.domain.bundle.ResourceTypeBundleConfiguration
org.rhq.core.domain.bundle.ResourceTypeBundleConfiguration$BundleDestinationBaseDirectory
org.rhq.core.domain.dashboard.DashboardPortlet
org.rhq.core.domain.dashboard.Dashboard$1
org.rhq.core.domain.dashboard.Dashboard
org.rhq.core.domain.dashboard.DashboardCategory
org.rhq.core.domain.operation.HistoryJobId
org.rhq.core.domain.operation.OperationHistory
org.rhq.core.domain.operation.ResourceOperationHistory
org.rhq.core.domain.operation.JobId
org.rhq.core.domain.operation.bean.ResourceOperationSchedule
org.rhq.core.domain.operation.bean.OperationSchedule
org.rhq.core.domain.operation.bean.GroupOperationSchedule
org.rhq.core.domain.operation.OperationRequestStatus
org.rhq.core.domain.operation.OperationScheduleEntity
org.rhq.core.domain.operation.OperationDefinition
org.rhq.core.domain.operation.GroupOperationHistory
org.rhq.core.domain.operation.composite.ResourceOperationLastCompletedComposite
org.rhq.core.domain.operation.composite.GroupOperationLastCompletedComposite
org.rhq.core.domain.operation.composite.OperationLastCompletedComposite
org.rhq.core.domain.operation.composite.ResourceOperationScheduleComposite
org.rhq.core.domain.operation.composite.OperationScheduleComposite
org.rhq.core.domain.operation.composite.ResourceOperationHistoryComposite
org.rhq.core.domain.operation.composite.GroupOperationScheduleComposite
org.rhq.core.domain.operation.ResourceOperationScheduleEntity
org.rhq.core.domain.operation.GroupOperationScheduleEntity
org.rhq.core.domain.operation.ScheduleJobId
org.rhq.core.domain.event.transfer.EventReport
org.rhq.core.domain.event.EventSeverity
org.rhq.core.domain.event.EventDefinition
org.rhq.core.domain.event.Event
org.rhq.core.domain.event.composite.EventComposite
org.rhq.core.domain.event.EventSource
org.rhq.core.domain.measurement.MeasurementDataPK
org.rhq.core.domain.measurement.ResourceMeasurementScheduleRequest
org.rhq.core.domain.measurement.calltime.CallTimeDataComposite
org.rhq.core.domain.measurement.calltime.CallTimeDataKey
org.rhq.core.domain.measurement.calltime.CallTimeData
org.rhq.core.domain.measurement.calltime.CallTimeDataValue
org.rhq.core.domain.measurement.MeasurementDefinition
org.rhq.core.domain.measurement.MeasurementReport
org.rhq.core.domain.measurement.MeasurementUnits$Scale
org.rhq.core.domain.measurement.DataType
org.rhq.core.domain.measurement.MeasurementUnits$Scale$Type
org.rhq.core.domain.measurement.MeasurementDataNumeric6H
org.rhq.core.domain.measurement.MeasurementUnits$Family
org.rhq.core.domain.measurement.MeasurementDataNumeric1H
org.rhq.core.domain.measurement.MeasurementDataNumeric
org.rhq.core.domain.measurement.MeasurementUnits
org.rhq.core.domain.measurement.DisplayType
org.rhq.core.domain.measurement.MeasurementDataRequest
org.rhq.core.domain.measurement.MeasurementDataNumeric1D
org.rhq.core.domain.measurement.AvailabilityType
org.rhq.core.domain.measurement.util.MeasurementConversionException
org.rhq.core.domain.measurement.ResourceAvailability
org.rhq.core.domain.measurement.MeasurementSchedule
org.rhq.core.domain.measurement.MeasurementOOB
org.rhq.core.domain.measurement.Availability
org.rhq.core.domain.measurement.composite.MeasurementValueAndUnits
org.rhq.core.domain.measurement.composite.MeasurementOOBComposite
org.rhq.core.domain.measurement.composite.MeasurementStringValueAndUnits
org.rhq.core.domain.measurement.composite.MeasurementScheduleComposite
org.rhq.core.domain.measurement.composite.MeasurementNumericValueAndUnits
org.rhq.core.domain.measurement.composite.MeasurementBaselineComposite
org.rhq.core.domain.measurement.composite.MeasurementDataNumericHighLowComposite
org.rhq.core.domain.measurement.MeasurementData
org.rhq.core.domain.measurement.ui.MetricDisplayValue
org.rhq.core.domain.measurement.ui.MetricDisplaySummary
org.rhq.core.domain.measurement.ui.BaseMetricDisplay
org.rhq.core.domain.measurement.ui.MeasurementSummary
org.rhq.core.domain.measurement.ui.MetricDisplayConstants
org.rhq.core.domain.measurement.MeasurementCategory
org.rhq.core.domain.measurement.NumericType
org.rhq.core.domain.measurement.MeasurementDataTrait
org.rhq.core.domain.measurement.MeasurementBaseline
org.rhq.core.domain.measurement.MeasurementScheduleRequest
org.rhq.core.domain.install.remote.AgentInstallInfo
org.rhq.core.domain.install.remote.RemoteAccessInfo
org.rhq.core.domain.install.remote.AgentInstallStep
org.rhq.core.domain.plugin.PluginDeploymentType
org.rhq.core.domain.plugin.PluginStatusType
org.rhq.core.domain.plugin.ServerPluginControlResults
org.rhq.core.domain.plugin.ServerPlugin
org.rhq.core.domain.plugin.AbstractPlugin
org.rhq.core.domain.plugin.ServerPluginControlDefinition
org.rhq.core.domain.plugin.Plugin
org.rhq.core.domain.plugin.PluginKey
org.rhq.core.domain.criteria.ResourceGroupDefinitionCriteria
org.rhq.core.domain.criteria.AlertDefinitionCriteria
org.rhq.core.domain.criteria.ResourceCriteria
org.rhq.core.domain.criteria.SavedSearchCriteria
org.rhq.core.domain.criteria.ResourceTypeCriteria
org.rhq.core.domain.criteria.PackageVersionCriteria
org.rhq.core.domain.criteria.TaggedCriteria
org.rhq.core.domain.criteria.JPADriftChangeSetCriteria
org.rhq.core.domain.criteria.DashboardCriteria
org.rhq.core.domain.criteria.PluginConfigurationUpdateCriteria
org.rhq.core.domain.criteria.RepoCriteria
org.rhq.core.domain.criteria.AbstractConfigurationUpdateCriteria
org.rhq.core.domain.criteria.OperationDefinitionCriteria
org.rhq.core.domain.criteria.EventCriteria
org.rhq.core.domain.criteria.ResourceGroupCriteria
org.rhq.core.domain.criteria.BundleDestinationCriteria
org.rhq.core.domain.criteria.InstalledPackageHistoryCriteria
org.rhq.core.domain.criteria.Criteria$NonBindingOverrideFilter
org.rhq.core.domain.criteria.GenericDriftChangeSetCriteria
org.rhq.core.domain.criteria.MeasurementDefinitionCriteria
org.rhq.core.domain.criteria.CallTimeDataCriteria
org.rhq.core.domain.criteria.ResourceConfigurationUpdateCriteria
org.rhq.core.domain.criteria.AbstractGroupConfigurationUpdateCriteria
org.rhq.core.domain.criteria.ResourceOperationHistoryCriteria
org.rhq.core.domain.criteria.BaseCriteria
org.rhq.core.domain.criteria.MeasurementDataTraitCriteria
org.rhq.core.domain.criteria.InstalledPackageCriteria
org.rhq.core.domain.criteria.ResourceBundleDeploymentCriteria
org.rhq.core.domain.criteria.Criteria$Restriction
org.rhq.core.domain.criteria.OperationHistoryCriteria
org.rhq.core.domain.criteria.AlertCriteria
org.rhq.core.domain.criteria.MeasurementScheduleCriteria
org.rhq.core.domain.criteria.Criteria$Type
org.rhq.core.domain.criteria.BundleCriteria
org.rhq.core.domain.criteria.GroupBundleDeploymentCriteria
org.rhq.core.domain.criteria.DriftDefinitionCriteria
org.rhq.core.domain.criteria.PackageCriteria
org.rhq.core.domain.criteria.Criteria
org.rhq.core.domain.criteria.JPADriftCriteria
org.rhq.core.domain.criteria.RoleCriteria
org.rhq.core.domain.criteria.GroupPluginConfigurationUpdateCriteria
org.rhq.core.domain.criteria.SubjectCriteria
org.rhq.core.domain.criteria.GenericDriftCriteria
org.rhq.core.domain.criteria.TagCriteria
org.rhq.core.domain.criteria.DriftDefinitionTemplateCriteria
org.rhq.core.domain.criteria.DriftCriteria
org.rhq.core.domain.criteria.DriftChangeSetCriteria
org.rhq.core.domain.criteria.BundleResourceDeploymentCriteria
org.rhq.core.domain.criteria.BundleDeploymentCriteria
org.rhq.core.domain.criteria.BundleVersionCriteria
org.rhq.core.domain.criteria.BundleFileCriteria
org.rhq.core.domain.criteria.AbstractResourceConfigurationUpdateCriteria
org.rhq.core.domain.criteria.GroupOperationHistoryCriteria
org.rhq.core.domain.criteria.GroupResourceConfigurationUpdateCriteria
org.rhq.core.domain.resource.DeleteResourceStatus
org.rhq.core.domain.resource.ResourceCreationDataType
org.rhq.core.domain.resource.ProductVersion
org.rhq.core.domain.resource.InventorySummary
org.rhq.core.domain.resource.ResourceSubCategory
org.rhq.core.domain.resource.ResourceErrorType
org.rhq.core.domain.resource.CreateResourceHistory
org.rhq.core.domain.resource.ResourceUpgradeReport
org.rhq.core.domain.resource.ClassLoaderType
org.rhq.core.domain.resource.Agent
org.rhq.core.domain.resource.CreateDeletePolicy
org.rhq.core.domain.resource.ResourceCategory
org.rhq.core.domain.resource.DeleteResourceHistory
org.rhq.core.domain.resource.CreateResourceStatus
org.rhq.core.domain.resource.ResourceType
org.rhq.core.domain.resource.group.Group
org.rhq.core.domain.resource.group.ClusterKey
org.rhq.core.domain.resource.group.GroupDefinition
org.rhq.core.domain.resource.group.LdapGroup
org.rhq.core.domain.resource.group.composite.ClusterKeyFlyweight
org.rhq.core.domain.resource.group.composite.AutoGroupComposite
org.rhq.core.domain.resource.group.composite.ResourceGroupComposite
org.rhq.core.domain.resource.group.composite.ClusterFlyweight
org.rhq.core.domain.resource.group.ClusterKey$Node
org.rhq.core.domain.resource.group.ResourceGroup
org.rhq.core.domain.resource.group.GroupCategory
org.rhq.core.domain.resource.composite.ResourceMembershipComposite
org.rhq.core.domain.resource.composite.ResourceTypeTemplateCountComposite
org.rhq.core.domain.resource.composite.AgentLastAvailabilityReportComposite
org.rhq.core.domain.resource.composite.ResourcePermission
org.rhq.core.domain.resource.composite.ResourceWithAvailability
org.rhq.core.domain.resource.composite.ResourceWithParentComposite
org.rhq.core.domain.resource.composite.DisambiguationReport$Resource
org.rhq.core.domain.resource.composite.ProblemResourceComposite
org.rhq.core.domain.resource.composite.ResourceIdWithAvailabilityComposite
org.rhq.core.domain.resource.composite.ResourceFacets
org.rhq.core.domain.resource.composite.DisambiguationReport$ResourceType
org.rhq.core.domain.resource.composite.ResourceLineageComposite
org.rhq.core.domain.resource.composite.ResourceInstallCount
org.rhq.core.domain.resource.composite.ResourceComposite
org.rhq.core.domain.resource.composite.ResourceIdFlyWeight
org.rhq.core.domain.resource.composite.RecentlyAddedResourceComposite
org.rhq.core.domain.resource.composite.ResourceHealthComposite
org.rhq.core.domain.resource.composite.DisambiguationReport
org.rhq.core.domain.resource.composite.ResourceAvailabilitySummary
org.rhq.core.domain.resource.InventoryStatus
org.rhq.core.domain.resource.ResourceAncestryFormat
org.rhq.core.domain.resource.flyweight.MembersCategoryHint$1
org.rhq.core.domain.resource.flyweight.ResourceSubCategoryFlyweight
org.rhq.core.domain.resource.flyweight.ResourceFlyweight
org.rhq.core.domain.resource.flyweight.MembersAvailabilityHint$1
org.rhq.core.domain.resource.flyweight.FlyweightCache
org.rhq.core.domain.resource.flyweight.ResourceAvailabilityFlyweight
org.rhq.core.domain.resource.flyweight.MembersAvailabilityHint
org.rhq.core.domain.resource.flyweight.AutoGroupCompositeFlyweight
org.rhq.core.domain.resource.flyweight.MembersCategoryHint
org.rhq.core.domain.resource.flyweight.ResourceTypeFlyweight
org.rhq.core.domain.resource.Agent$Status
org.rhq.core.domain.resource.ProcessScan
org.rhq.core.domain.resource.Resource
org.rhq.core.domain.resource.ResourceTypeFacet
org.rhq.core.domain.resource.ResourceError
org.rhq.core.domain.cloud.FailoverList
org.rhq.core.domain.cloud.Server$Status
org.rhq.core.domain.cloud.FailoverListDetails
org.rhq.core.domain.cloud.PartitionEventType
org.rhq.core.domain.cloud.Server
org.rhq.core.domain.cloud.PartitionEvent$ExecutionStatus
org.rhq.core.domain.cloud.Server$OperationMode
org.rhq.core.domain.cloud.composite.FailoverListDetailsComposite
org.rhq.core.domain.cloud.composite.FailoverListComposite
org.rhq.core.domain.cloud.composite.AffinityGroupCountComposite
org.rhq.core.domain.cloud.composite.ServerWithAgentCountComposite
org.rhq.core.domain.cloud.composite.FailoverListComposite$ServerEntry
org.rhq.core.domain.cloud.AffinityGroup
org.rhq.core.domain.cloud.PartitionEvent
org.rhq.core.domain.cloud.PartitionEventDetails
org.rhq.core.domain.authz.Permission$Target
org.rhq.core.domain.authz.Role
org.rhq.core.domain.authz.Permission
org.rhq.core.domain.authz.Permission$1
org.rhq.core.domain.common.ProductInfo
org.rhq.core.domain.common.JobTrigger
org.rhq.core.domain.common.JobTrigger$RecurrenceType
org.rhq.core.domain.common.ServerDetails
org.rhq.core.domain.common.EntityContext
org.rhq.core.domain.common.ServerDetails$Detail
org.rhq.core.domain.common.composite.SystemSettings
org.rhq.core.domain.common.composite.SystemSetting$1
org.rhq.core.domain.common.composite.IntegerOptionItem
org.rhq.core.domain.common.composite.SystemSetting
org.rhq.core.domain.common.composite.OptionItem
org.rhq.core.domain.common.JobTrigger$EndType
org.rhq.core.domain.common.EntityContext$1
org.rhq.core.domain.common.JobTrigger$StartType
org.rhq.core.domain.common.EntityContext$Type
org.rhq.core.domain.common.SystemConfiguration
org.rhq.core.domain.configuration.DeepCopyable
org.rhq.core.domain.configuration.Configuration$PropertiesProxy
org.rhq.core.domain.configuration.AbstractPropertyMap
org.rhq.core.domain.configuration.Configuration$1
org.rhq.core.domain.configuration.Configuration
org.rhq.core.domain.configuration.PropertyList
org.rhq.core.domain.configuration.group.GroupPluginConfigurationUpdate
org.rhq.core.domain.configuration.group.GroupResourceConfigurationUpdate
org.rhq.core.domain.configuration.group.AbstractGroupConfigurationUpdate
org.rhq.core.domain.configuration.PluginConfigurationUpdate
org.rhq.core.domain.configuration.PropertyMap
org.rhq.core.domain.configuration.AbstractResourceConfigurationUpdate
org.rhq.core.domain.configuration.RawConfiguration
org.rhq.core.domain.configuration.PropertyDefinitionDynamic
org.rhq.core.domain.configuration.AbstractConfigurationUpdate
org.rhq.core.domain.configuration.composite.ResourceConfigurationComposite
org.rhq.core.domain.configuration.composite.ConfigurationUpdateComposite
org.rhq.core.domain.configuration.PropertySimple
org.rhq.core.domain.configuration.PropertyDynamicType
org.rhq.core.domain.configuration.DynamicConfigurationPropertyValue
org.rhq.core.domain.configuration.ResourceConfigurationUpdate
org.rhq.core.domain.configuration.definition.PropertyOptionsSource$TargetType
org.rhq.core.domain.configuration.definition.ActivationPolicy
org.rhq.core.domain.configuration.definition.PropertyDefinitionSimple
org.rhq.core.domain.configuration.definition.PropertyDefinitionEnumeration
org.rhq.core.domain.configuration.definition.ConfigurationFormat
org.rhq.core.domain.configuration.definition.ConfigurationTemplate
org.rhq.core.domain.configuration.definition.PropertyOptionsSource
org.rhq.core.domain.configuration.definition.ConfigurationDefinition
org.rhq.core.domain.configuration.definition.PropertySimpleType
org.rhq.core.domain.configuration.definition.PropertyGroupDefinition
org.rhq.core.domain.configuration.definition.PropertyDefinitionMap
org.rhq.core.domain.configuration.definition.PropertyDefinition
org.rhq.core.domain.configuration.definition.ConfigurationDefinition$PropertyDefinitionComparator
org.rhq.core.domain.configuration.definition.ConfigurationDefinition$1
org.rhq.core.domain.configuration.definition.constraint.IntegerRangeConstraint
org.rhq.core.domain.configuration.definition.constraint.RegexConstraint
org.rhq.core.domain.configuration.definition.constraint.FloatRangeConstraint
org.rhq.core.domain.configuration.definition.constraint.Constraint
org.rhq.core.domain.configuration.definition.ConfigurationDefinition$GroupComparator
org.rhq.core.domain.configuration.definition.PropertyDefinitionList
org.rhq.core.domain.configuration.Property
org.rhq.core.domain.configuration.ConfigurationUpdateStatus
org.rhq.core.domain.drift.DriftConfigurationDefinition$DriftHandlingMode
org.rhq.core.domain.drift.JPADriftFile
org.rhq.core.domain.drift.DriftSnapshot$1
org.rhq.core.domain.drift.DriftConfigurationDefinition
org.rhq.core.domain.drift.AbstractJPADriftFile
org.rhq.core.domain.drift.DriftDefinitionComposite
org.rhq.core.domain.drift.DriftComplianceStatus
org.rhq.core.domain.drift.DriftDefinition$BaseDirectory
org.rhq.core.domain.drift.DriftChangeSetCategory
org.rhq.core.domain.drift.DriftChangeSet
org.rhq.core.domain.drift.DriftDefinitionComparator$CompareMode
org.rhq.core.domain.drift.JPADriftSet
org.rhq.core.domain.drift.DriftCategory
org.rhq.core.domain.drift.DriftSnapshot$DriftSnapshotDirectory
org.rhq.core.domain.drift.DriftFileStatus
org.rhq.core.domain.drift.DriftDiffReport
org.rhq.core.domain.drift.dto.DriftFileDTO
org.rhq.core.domain.drift.dto.DriftChangeSetDTO
org.rhq.core.domain.drift.dto.DriftDTO
org.rhq.core.domain.drift.DriftDefinition
org.rhq.core.domain.drift.DriftComposite
org.rhq.core.domain.drift.DriftDefinitionComparator
org.rhq.core.domain.drift.DriftSnapshotRequest
org.rhq.core.domain.drift.Filter
org.rhq.core.domain.drift.DriftSnapshot
org.rhq.core.domain.drift.JPADriftFileBits
org.rhq.core.domain.drift.FileDiffReport
org.rhq.core.domain.drift.JPADrift
org.rhq.core.domain.drift.DriftDefinitionTemplate
org.rhq.core.domain.drift.Drift
org.rhq.core.domain.drift.DriftConfigurationDefinition$BaseDirValueContext
org.rhq.core.domain.drift.JPADriftChangeSet
org.rhq.core.domain.drift.DriftDetails
org.rhq.core.domain.drift.DriftFile
org.rhq.core.domain.auth.Subject
org.rhq.core.domain.auth.Principal
org.rhq.core.domain.tagging.compsite.TagReportComposite
org.rhq.core.domain.tagging.Tag
org.rhq.core.domain.util.DisambiguationReportRenderer$ResourceField$2
org.rhq.core.domain.util.units.UnitCategory
org.rhq.core.domain.util.DisambiguationReportRenderer$ParserState$5
org.rhq.core.domain.util.ResourceUtils
org.rhq.core.domain.util.DisambiguationReportRenderer$ParserState$3
org.rhq.core.domain.util.Summary
org.rhq.core.domain.util.OSGiVersion
org.rhq.core.domain.util.PageControl
org.rhq.core.domain.util.DisambiguationReportRenderer$ParserState$4
org.rhq.core.domain.util.PageOrdering
org.rhq.core.domain.util.UnlimitedPageControl
org.rhq.core.domain.util.OSGiVersionComparator
org.rhq.core.domain.util.PageList
org.rhq.core.domain.util.DisambiguationReportRenderer$ParserState
org.rhq.core.domain.util.DisambiguationReportRenderer$Field
org.rhq.core.domain.util.DisambiguationReportRenderer$ResourceField$3
org.rhq.core.domain.util.AuthzConstants
org.rhq.core.domain.util.DisambiguationReportRenderer$ParserState$7
org.rhq.core.domain.util.DisambiguationReportRenderer$ResourceSegment
org.rhq.core.domain.util.DisambiguationReportRenderer$ParserState$1
org.rhq.core.domain.util.DisambiguationReportRenderer$SegmentAndState
org.rhq.core.domain.util.DisambiguationReportRenderer$ResourceField$4
org.rhq.core.domain.util.DisambiguationReportRenderer$ParserState$2
org.rhq.core.domain.util.DisambiguationReportRenderer$ResourceTypeField$2
org.rhq.core.domain.util.DisambiguationReportRenderer$Segment
org.rhq.core.domain.util.OrderingField
org.rhq.core.domain.util.DisambiguationReportRenderer$ResourceTypeField$4
org.rhq.core.domain.util.serial.HibernateUtil
org.rhq.core.domain.util.DisambiguationReportRenderer$TextSegment
org.rhq.core.domain.util.DisambiguationReportRenderer$ResourceTypeField$1
org.rhq.core.domain.util.DisambiguationReportRenderer$ResourceField
org.rhq.core.domain.util.StringUtils
org.rhq.core.domain.util.DisambiguationReportRenderer$ResourceTypeField
org.rhq.core.domain.util.CriteriaUtils
org.rhq.core.domain.util.DisambiguationReportRenderer$ResourceField$1
org.rhq.core.domain.util.DisambiguationReportRenderer
org.rhq.core.domain.util.DisambiguationReportRenderer$RenderingOrder
org.rhq.core.domain.util.DisambiguationReportRenderer$ParserState$6
org.rhq.core.domain.util.DisambiguationReportRenderer$ResourceTypeField$3
org.rhq.core.domain.util.DisambiguationReportRenderer$1
org.rhq.core.domain.alert.AlertDampening
org.rhq.core.domain.alert.BooleanExpression
org.rhq.core.domain.alert.AlertDefinition
org.rhq.core.domain.alert.AlertCondition
org.rhq.core.domain.alert.AlertConditionLog
org.rhq.core.domain.alert.notification.AlertNotification
org.rhq.core.domain.alert.notification.SenderResult
org.rhq.core.domain.alert.notification.AlertNotificationLog
org.rhq.core.domain.alert.notification.ResultState
org.rhq.core.domain.alert.Alert
org.rhq.core.domain.alert.AlertConditionCategory
org.rhq.core.domain.alert.AlertDampening$TimeUnits
org.rhq.core.domain.alert.AlertDefinitionContext
org.rhq.core.domain.alert.AlertDampeningEvent
org.rhq.core.domain.alert.AlertDampening$Category
org.rhq.core.domain.alert.composite.AbstractAlertConditionCategoryComposite
org.rhq.core.domain.alert.composite.AlertConditionBaselineCategoryComposite
org.rhq.core.domain.alert.composite.AlertConditionDriftCategoryComposite
org.rhq.core.domain.alert.composite.AlertConditionEventCategoryComposite
org.rhq.core.domain.alert.composite.AlertWithLatestConditionLog
org.rhq.core.domain.alert.composite.AlertConditionTraitCategoryComposite
org.rhq.core.domain.alert.composite.AlertDefinitionComposite
org.rhq.core.domain.alert.composite.AlertConditionScheduleCategoryComposite
org.rhq.core.domain.alert.composite.AlertHistoryComposite
org.rhq.core.domain.alert.composite.AlertConditionChangesCategoryComposite
org.rhq.core.domain.alert.composite.AlertConditionResourceConfigurationCategoryComposite
org.rhq.core.domain.alert.composite.AlertConditionRangeCategoryComposite
org.rhq.core.domain.alert.composite.AlertConditionAvailabilityCategoryComposite
org.rhq.core.domain.alert.composite.AlertConditionControlCategoryComposite
org.rhq.core.domain.alert.AlertPriority
org.rhq.core.domain.alert.AlertDampeningEvent$Type
org.rhq.core.domain.discovery.MergeResourceResponse
org.rhq.core.domain.discovery.AvailabilityReport$Datum
org.rhq.core.domain.discovery.AvailabilityReport
org.rhq.core.domain.discovery.ResourceSyncInfo
org.rhq.core.domain.state.discovery.AutoDiscoveryScanType
org.rhq.core.domain.search.assist.AlertSearchAssistParam
org.rhq.core.domain.search.SearchSuggestion$Kind
org.rhq.core.domain.search.SearchSuggestion
org.rhq.core.domain.search.SearchSubsystem
org.rhq.core.domain.search.SavedSearch
org.rhq.core.server.EntitySerializer$1
org.rhq.core.server.EntitySerializer
org.rhq.core.server.ExternalizableStrategy$1
org.rhq.core.server.ExternalizableStrategy$Subsystem
org.rhq.core.server.H2CustomDialect
org.rhq.core.server.PersistenceUtility
org.rhq.core.server.ExternalizableStrategy
